app/build/intermediates/manifest_merge_blame_file/debug/processDebugMainManifest/manifest-merger-blame-debug-report.txt
1<?xml version="1.0" encoding="utf-8"?>
2<manifest xmlns:android="http://schemas.android.com/apk/res/android"
3    package="com.toolgits.xezenon"
4    android:versionCode="3"
5    android:versionName="1.1.1" >
6
7    <uses-sdk
7-->INJECTED
8        android:minSdkVersion="23"
8-->INJECTED
9        android:targetSdkVersion="36" />
9-->INJECTED
10
11    <application
11-->src/main/AndroidManifest.xml:5:5-22:19
12        android:allowBackup="true"
12-->src/main/AndroidManifest.xml:8:9-35
13        android:debuggable="true"
14        android:extractNativeLibs="false"
14-->INJECTED
15        android:label="XeZenOn"
15-->src/main/AndroidManifest.xml:6:9-32
16        android:supportsRtl="true"
16-->src/main/AndroidManifest.xml:9:9-35
17        android:theme="@android:style/Theme.Material.Light.NoActionBar" >
17-->src/main/AndroidManifest.xml:7:9-72
18        <activity
18-->src/main/AndroidManifest.xml:11:9-20:20
19            android:name="com.toolgits.xezenon.MainActivity"
19-->src/main/AndroidManifest.xml:12:13-41
20            android:exported="true" >
20-->src/main/AndroidManifest.xml:13:13-36
21            <intent-filter>
21-->src/main/AndroidManifest.xml:15:13-18:29
22                <action android:name="android.intent.action.MAIN" />
22-->src/main/AndroidManifest.xml:16:17-69
22-->src/main/AndroidManifest.xml:16:25-66
23
24                <category android:name="android.intent.category.LAUNCHER" />
24-->src/main/AndroidManifest.xml:17:17-77
24-->src/main/AndroidManifest.xml:17:27-74
25            </intent-filter>
26        </activity>
27    </application>
28
29</manifest>